<?xml version="1.0" encoding="UTF-8"?>
<!-- Generated by org.testng.reporters.JUnitXMLReporter -->
<testsuite hostname="Lenovo-PC" name="Default test" tests="6" failures="0" timestamp="19 Mar 2018 17:31:57 GMT" time="28.344" errors="0">
  <testcase name="requestDemo" time="2.245" classname="com.selenium.test.DataDrivenTest"/>
  <testcase name="verifyVideoPopUpIsDisplayed" time="1.87" classname="com.selenium.test.DataDrivenTest"/>
  <testcase name="verifyURLsMatch" time="5.125" classname="com.selenium.test.DataDrivenTest"/>
  <testcase name="verifyBillingLogInErrorMsg" time="2.525" classname="com.selenium.test.DataDrivenTest"/>
  <testcase name="verifySimpleImageIsDisplayed" time="5.27" classname="com.selenium.test.DataDrivenTest"/>
  <testcase name="verifySTAppointementCenterIsDisplayed" time="3.151" classname="com.selenium.test.DataDrivenTest"/>
</testsuite> <!-- Default test -->
