<?xml version="1.0" encoding="UTF-8"?>
<!-- Generated by org.testng.reporters.JUnitXMLReporter -->
<testsuite hostname="Lenovo-PC" name="ShowingTime" tests="6" failures="0" timestamp="19 Mar 2018 17:44:34 GMT" time="26.078" errors="0">
  <testcase name="requestDemo" time="1.519" classname="com.selenium.test.DataDrivenTest"/>
  <testcase name="verifyVideoPopUpIsDisplayed" time="1.861" classname="com.selenium.test.DataDrivenTest"/>
  <testcase name="verifyURLsMatch" time="5.472" classname="com.selenium.test.DataDrivenTest"/>
  <testcase name="verifyBillingLogInErrorMsg" time="1.956" classname="com.selenium.test.DataDrivenTest"/>
  <testcase name="verifySimpleImageIsDisplayed" time="5.086" classname="com.selenium.test.DataDrivenTest"/>
  <testcase name="verifySTAppointementCenterIsDisplayed" time="3.182" classname="com.selenium.test.DataDrivenTest"/>
</testsuite> <!-- ShowingTime -->
