<?xml version="1.0" encoding="UTF-8" ?>
<testsuite tests="6" failures="0" name="TestSuite" time="19.077" errors="0" skipped="0">
  <properties>
[...]
</properties>
  <testcase classname="com.selenium.test.DataDrivenTest" name="requestDemo" time="1.522"/>
  <testcase classname="com.selenium.test.DataDrivenTest" name="verifyVideoPopUpIsDisplayed" time="1.857"/>
  <testcase classname="com.selenium.test.DataDrivenTest" name="verifyURLsMatch" time="5.472"/>
  <testcase classname="com.selenium.test.DataDrivenTest" name="verifyBillingLogInErrorMsg" time="1.956"/>
  <testcase classname="com.selenium.test.DataDrivenTest" name="verifySimpleImageIsDisplayed" time="5.087"/>
  <testcase classname="com.selenium.test.DataDrivenTest" name="verifySTAppointementCenterIsDisplayed" time="3.183"/>
</testsuite>