<?xml version="1.0" encoding="UTF-8"?>
<!-- Generated by org.testng.reporters.JUnitXMLReporter -->
<testsuite hostname="Lenovo-PC" name="ShowingTime" tests="6" failures="0" timestamp="19 Mar 2018 17:35:55 GMT" time="26.144" errors="0">
  <testcase name="requestDemo" time="1.655" classname="com.selenium.test.DataDrivenTest"/>
  <testcase name="verifyVideoPopUpIsDisplayed" time="1.975" classname="com.selenium.test.DataDrivenTest"/>
  <testcase name="verifyURLsMatch" time="5.111" classname="com.selenium.test.DataDrivenTest"/>
  <testcase name="verifyBillingLogInErrorMsg" time="1.944" classname="com.selenium.test.DataDrivenTest"/>
  <testcase name="verifySimpleImageIsDisplayed" time="4.753" classname="com.selenium.test.DataDrivenTest"/>
  <testcase name="verifySTAppointementCenterIsDisplayed" time="2.977" classname="com.selenium.test.DataDrivenTest"/>
</testsuite> <!-- ShowingTime -->
